
Processing glueball_fit_4rBW.cxx...
Starting glueball_fit_4rBW execution...
bin width is 0.02
 FCN=782.132 FROM MINOS     STATUS=SUCCESSFUL    354 CALLS        5418 TOTAL
                     EDM=2.06978e-07    STRATEGY= 1      ERROR MATRIX ACCURATE 
  EXT PARAMETER                                   STEP         FIRST   
  NO.   NAME      VALUE            ERROR          SIZE      DERIVATIVE 
   1  f_{2}(1270) Amp   2.90152e+03   1.14150e+02  -4.47864e-01  -1.98928e-06
   2  f_{2}(1270) Mass   1.24172e+00   2.12159e-03   1.39538e-05  -6.35968e-04
   3  f_{2}(1270) #Gamma   1.87000e-01     fixed    
   4  a_{2}(1320)^{0} Amp   2.93809e+03   6.84220e+01  -2.81727e-01  -9.41031e-07
   5  a_{2}(1320)^{0} Mass   1.30922e+00   9.04782e-04  -1.57417e-06   4.51399e-03
   6  a_{2}(1320)^{0} #Gamma   1.05000e-01     fixed    
   7  f'_{2}(1525) Amp   6.87258e+03   3.70485e+01  -9.11602e-02  -2.54724e-07
   8  f'_{2}(1525) Mass   1.51641e+00   1.90699e-04   3.02736e-07  -1.05749e-03
   9  f'_{2}(1525) #Gamma   8.44000e-02     fixed    
  10  f_{0}(1710) Amp   1.93902e+03   6.51497e+01   1.40079e-01  -8.34335e-06
  11  f_{0}(1710) Mass   1.71286e+00   1.19101e-03   5.38050e-06  -2.80418e-03
  12  f_{0}(1710) #Gamma   1.38539e-01   3.97605e-03   1.33377e-04   2.18414e-03
  13  a            5.56801e+05   9.67994e+03   2.17608e+01  -3.94569e-07
  14  b           -4.98676e-02   5.18534e-03   1.37489e-05   3.18660e-01
  15  c            2.78493e+00   1.85700e-02   4.24715e-05   4.82609e-02
  16  d            1.09081e+00   7.22178e-03   7.22178e-03  -1.16376e+00
                               ERR DEF= 0.5
chi2/ndf is 34.7614

=== FINDING GLOBAL BEST FIT FOR PROFILE LIKELIHOOD REFERENCE ===
Initial fit: -2 log L = 782.132
Retry fit 1/5...
  Retry 1: -2 log L = 782.132
Retry fit 2/5...
  Retry 2: -2 log L = 782.132
Retry fit 3/5...
  Retry 3: -2 log L = 782.132
Retry fit 4/5...
  Retry 4: -2 log L = 782.132
Retry fit 5/5...
  Retry 5: -2 log L = 782.132
  -> New best fit found!

Performing final fit at global minimum...
 FCN=782.132 FROM MINOS     STATUS=SUCCESSFUL    304 CALLS        5138 TOTAL
                     EDM=1.09685e-09    STRATEGY= 1      ERROR MATRIX ACCURATE 
  EXT PARAMETER                                   STEP         FIRST   
  NO.   NAME      VALUE            ERROR          SIZE      DERIVATIVE 
   1  f_{2}(1270) Amp   2.90150e+03   1.13941e+02  -1.56555e-01   4.01737e-06
   2  f_{2}(1270) Mass   1.24173e+00   2.13939e-03  -1.78117e-05  -1.87045e-02
   3  f_{2}(1270) #Gamma   1.87000e-01     fixed    
   4  a_{2}(1320)^{0} Amp   2.93807e+03   6.85103e+01  -7.92961e-02   4.03336e-06
   5  a_{2}(1320)^{0} Mass   1.30922e+00   9.01299e-04  -1.46017e-05  -2.33304e-02
   6  a_{2}(1320)^{0} #Gamma   1.05000e-01     fixed    
   7  f'_{2}(1525) Amp   6.87257e+03   3.72814e+01  -1.73284e-01   1.48729e-06
   8  f'_{2}(1525) Mass   1.51641e+00   1.90410e-04   1.54207e-06  -2.52359e-03
   9  f'_{2}(1525) #Gamma   8.44000e-02     fixed    
  10  f_{0}(1710) Amp   1.93900e+03   6.56722e+01  -3.22287e-01   1.15900e-05
  11  f_{0}(1710) Mass   1.71286e+00   1.19185e-03   1.00877e-05   3.59032e-02
  12  f_{0}(1710) #Gamma   1.38538e-01   3.98266e-03  -2.49182e-04  -5.87002e-03
  13  a            5.56799e+05   1.04181e+04  -7.66970e+01   1.97393e-06
  14  b           -4.98685e-02   5.58919e-03  -3.89270e-05  -1.74866e+00
  15  c            2.78492e+00   1.98803e-02  -1.46748e-04  -1.60256e-01
  16  d            1.09081e+00   7.68649e-03   7.68649e-03   1.02053e-01
                               ERR DEF= 0.5

GLOBAL BEST FIT RESULTS:
========================
Final -2 log L (full model) = 782.132
Improvement from initial: 1.15259e-07

=== Likelihood Test for f_{2}(1270) ===
-2 log L (without f_{2}(1270)) = 1339.79
-2 log L (with f_{2}(1270))    = 782.132
Δ(-2 log L) = 557.659
Significance ≈ 23.6148 σ
Result: f_{2}(1270) is HIGHLY SIGNIFICANT (>99.9% CL, ~3.3σ)
================================================


=== Likelihood Test for a_{2}(1320)^{0} ===
-2 log L (without a_{2}(1320)^{0}) = 1640.57
-2 log L (with a_{2}(1320)^{0})    = 782.132
Δ(-2 log L) = 858.439
Significance ≈ 29.2991 σ
Result: a_{2}(1320)^{0} is HIGHLY SIGNIFICANT (>99.9% CL, ~3.3σ)
================================================


=== Likelihood Test for f'_{2}(1525) ===
-2 log L (without f'_{2}(1525)) = 26162.8
-2 log L (with f'_{2}(1525))    = 782.132
Δ(-2 log L) = 25380.7
Significance ≈ 159.313 σ
Result: f'_{2}(1525) is HIGHLY SIGNIFICANT (>99.9% CL, ~3.3σ)
================================================


=== Likelihood Test for f_{0}(1710) ===
-2 log L (without f_{0}(1710)) = 2571.12
-2 log L (with f_{0}(1710))    = 782.132
Δ(-2 log L) = 1788.99
Significance ≈ 42.2964 σ
Result: f_{0}(1710) is HIGHLY SIGNIFICANT (>99.9% CL, ~3.3σ)
================================================


================================================================
PROFILE LIKELIHOOD RATIO TEST FOR f0(1710) AMPLITUDE
================================================================
Best-fit f0(1710) amplitude: 1939 ± 65.6722

VERIFICATION: Testing profile likelihood at best-fit amplitude...
Profile likelihood at best-fit amplitude: 782.132
Original best-fit likelihood: 782.132
Difference (should be ~0): 0
VERIFICATION PASSED: Profile likelihood method is working correctly.

Calculating profile likelihood at f0(1710) amplitude = 0 (null hypothesis)...

PROFILE LIKELIHOOD RATIO TEST RESULTS:
=======================================
-2 log L (full model): 782.132
-2 log L (f0_amp = 0): 2571.12
Δ(-2 log L) = 1788.99
Significance of f0(1710) amplitude ≈ 42.2964 σ

INTERPRETATION:
DISCOVERY: f0(1710) amplitude is HIGHLY SIGNIFICANT (>5σ)

Creating detailed profile likelihood scan for f0(1710) amplitude...
Scanning amplitude from 1807.66 to 2201.69 in 60 steps...
  Point 1/60: amp = 1807.66, Δ(-2logL) = 2.12893
  Point 11/60: amp = 1874.44, Δ(-2logL) = 0.497521
  Point 21/60: amp = 1941.23, Δ(-2logL) = 0.000572543
  Point 31/60: amp = 2008.01, Δ(-2logL) = 0.532504
  Point 41/60: amp = 2074.8, Δ(-2logL) = 1.99649
  Point 51/60: amp = 2141.58, Δ(-2logL) = 4.30366

Profile likelihood plot saved as: /home/sawan/check_k892/output/glueball/LHC22o_pass7_small/433479/KsKs_Channel/higher-mass-resonances/fits/4rBw_fits/profile_likelihood_f0_amplitude_default.png

CONFIDENCE INTERVALS for f0(1710) amplitude:
============================================
68% CL (1σ): [1848.08, 2034.16]
95% CL (2σ): [1807.66, 2133.94]
99.7% CL (3σ): [1807.66, 2201.69]

ZERO EXCLUSION TEST:
====================
Zero excluded at 68% CL: YES
Zero excluded at 95% CL: YES
Zero excluded at 99.7% CL: YES

================================================================
END OF PROFILE LIKELIHOOD RATIO TEST FOR f0(1710) AMPLITUDE
================================================================


Creating likelihood profile for f2_1270_mass...
  Point 1/50: f2_1270_mass = 1.23531, Δ(-2 log L) = 4.66886
  Point 11/50: f2_1270_mass = 1.23793, Δ(-2 log L) = 1.61431
  Point 21/50: f2_1270_mass = 1.24055, Δ(-2 log L) = 0.153212
  Point 31/50: f2_1270_mass = 1.24317, Δ(-2 log L) = 0.225181
  Point 41/50: f2_1270_mass = 1.24579, Δ(-2 log L) = 1.75681

Creating likelihood profile for f2_1270_amp...
  Point 1/50: f2_1270_amp = 2599.79, Δ(-2 log L) = 3.45597
  Point 11/50: f2_1270_amp = 2738.98, Δ(-2 log L) = 1.00424
  Point 21/50: f2_1270_amp = 2878.17, Δ(-2 log L) = 0.0207184
  Point 31/50: f2_1270_amp = 3017.36, Δ(-2 log L) = 0.511852
  Point 41/50: f2_1270_amp = 3156.55, Δ(-2 log L) = 2.48355

Creating likelihood profile for a2_1320_mass...
  Point 1/50: a2_1320_mass = 1.3083, Δ(-2 log L) = 0.519649
  Point 11/50: a2_1320_mass = 1.30929, Δ(-2 log L) = 0.00290934
  Point 21/50: a2_1320_mass = 1.31027, Δ(-2 log L) = 0.657257
  Point 31/50: a2_1320_mass = 1.31125, Δ(-2 log L) = 2.4628
  Point 41/50: a2_1320_mass = 1.31224, Δ(-2 log L) = 5.3934

Creating likelihood profile for a2_1320_amp...
  Point 1/50: a2_1320_amp = 2640.11, Δ(-2 log L) = 8.99835
  Point 11/50: a2_1320_amp = 2723.53, Δ(-2 log L) = 4.74734
  Point 21/50: a2_1320_amp = 2806.95, Δ(-2 log L) = 1.80182
  Point 31/50: a2_1320_amp = 2890.37, Δ(-2 log L) = 0.242006
  Point 41/50: a2_1320_amp = 2973.79, Δ(-2 log L) = 0.13742

Creating likelihood profile for f2_1525_mass...
  Point 1/50: f2_1525_mass = 1.51581, Δ(-2 log L) = 5.00374
  Point 11/50: f2_1525_mass = 1.51604, Δ(-2 log L) = 1.89643
  Point 21/50: f2_1525_mass = 1.51627, Δ(-2 log L) = 0.267412
  Point 31/50: f2_1525_mass = 1.5165, Δ(-2 log L) = 0.117662
  Point 41/50: f2_1525_mass = 1.51673, Δ(-2 log L) = 1.44781

Creating likelihood profile for f2_1525_amp...
  Point 1/50: f2_1525_amp = 6744.52, Δ(-2 log L) = 5.9167
  Point 11/50: f2_1525_amp = 6789.41, Δ(-2 log L) = 2.49297
  Point 21/50: f2_1525_amp = 6834.29, Δ(-2 log L) = 0.52758
  Point 31/50: f2_1525_amp = 6879.17, Δ(-2 log L) = 0.0156954
  Point 41/50: f2_1525_amp = 6924.06, Δ(-2 log L) = 0.952525

Creating likelihood profile for f0_1710_mass...
  Point 1/50: f0_1710_mass = 1.70902, Δ(-2 log L) = 5.09001
  Point 11/50: f0_1710_mass = 1.71049, Δ(-2 log L) = 1.96349
  Point 21/50: f0_1710_mass = 1.71195, Δ(-2 log L) = 0.290473
  Point 31/50: f0_1710_mass = 1.71342, Δ(-2 log L) = 0.109011
  Point 41/50: f0_1710_mass = 1.71489, Δ(-2 log L) = 1.45338

Creating likelihood profile for f0_1710_amp...
  Point 1/50: f0_1710_amp = 1686.3, Δ(-2 log L) = 8.37956
  Point 11/50: f0_1710_amp = 1753.32, Δ(-2 log L) = 4.37253
  Point 21/50: f0_1710_amp = 1820.34, Δ(-2 log L) = 1.72651
  Point 31/50: f0_1710_amp = 1887.37, Δ(-2 log L) = 0.316236
  Point 41/50: f0_1710_amp = 1954.39, Δ(-2 log L) = 0.0271708

Creating likelihood profile for f0_1710_width...
  Point 1/50: f0_1710_width = 0.136465, Δ(-2 log L) = 0.136762
  Point 11/50: f0_1710_width = 0.138932, Δ(-2 log L) = 0.00485636
  Point 21/50: f0_1710_width = 0.141398, Δ(-2 log L) = 0.251875
  Point 31/50: f0_1710_width = 0.143865, Δ(-2 log L) = 0.859052
  Point 41/50: f0_1710_width = 0.146332, Δ(-2 log L) = 1.80831

Likelihood profiles saved as: /home/sawan/check_k892/output/glueball/LHC22o_pass7_small/433479/KsKs_Channel/higher-mass-resonances/fits/4rBw_fits/likelihood_profiles_default.png
Likelihood summary saved as: /home/sawan/check_k892/output/glueball/LHC22o_pass7_small/433479/KsKs_Channel/higher-mass-resonances/fits/4rBw_fits/likelihood_summary_default.png
numerator -nan denominator 7459.98
Significance of f_{2}(1270) is -nan
Statistical significance of f_{2}(1270) is 26.1356
numerator 189338 denominator 6160.67
Significance of a_{2}(1320)^{0} is 30.7333
Statistical significance of a_{2}(1320)^{0} is 44.01
numerator 452848 denominator 5148.25
Significance of f'_{2}(1525) is 87.9616
Statistical significance of f'_{2}(1525) is 189.869
numerator 138856 denominator 6259.47
Significance of f_{0}(1710) is 22.1833
Statistical significance of f_{0}(1710) is 59.0656
 FCN=9795.02 FROM MINOS     STATUS=SUCCESSFUL    136 CALLS        1080 TOTAL
                     EDM=2.60258e-08    STRATEGY= 1      ERROR MATRIX ACCURATE 
  EXT PARAMETER                                   STEP         FIRST   
  NO.   NAME      VALUE            ERROR          SIZE      DERIVATIVE 
   1  norm1270     2.89394e+03   1.99897e+01  -3.90928e-03  -2.01840e-07
   2  mass1270     1.23959e+00   3.51242e-04   1.19846e-07   1.10524e-02
   3  width1270    1.87000e-01     fixed    
   4  norm1320     3.02264e+03   1.61647e+01  -8.28624e-03   2.16414e-08
   5  mass1320     1.30849e+00   2.41586e-04  -1.94838e-07  -2.79830e-03
   6  width1320    1.05000e-01     fixed    
   7  norm12525    6.90310e+03   1.41094e+01  -3.21781e-02   1.58780e-06
   8  mass1525     1.51598e+00   9.39798e-05  -4.63648e-07   3.38765e-02
   9  width1525    8.44000e-02     fixed    
  10  norm1710     2.08879e+03   1.56203e+01   5.92299e-02   4.42439e-06
  11  mass1710     1.71014e+00   5.08730e-04  -3.94347e-06  -4.07961e-02
  12  width1710    1.47570e-01   1.38898e-03   1.38898e-03  -1.58499e-03
                               ERR DEF= 0.5
Function integration for f0(1710) 2926.8
 Function integration for f2(1525) 9708.26
Total event count is 4.40666e+10
Yield of f1525 is 1.10154e-05 ± 1.74479e-07
Yield of f1710 is 3.32088e-06 ± 2.11476e-07
=================================================================
glueball_fit_4rBW execution completed!
Total execution time: 31.499 seconds (31499 ms)
=================================================================
