   ------------------------------------------------------------------
  | Welcome to ROOT 6.36.000                       https://root.cern |
  | (c) 1995-2025, The ROOT Team; conception: R. Brun, F. Rademakers |
  | Built for linuxx8664gcc on Jul 08 2025, 08:13:40                 |
  | From tags/6-36-000@6-36-000                                      |
  | With c++ (Ubuntu 11.4.0-1ubuntu1~22.04) 11.4.0                   |
  | Try '.help'/'.?', '.demo', '.license', '.credits', '.quit'/'.q'  |
   ------------------------------------------------------------------


Processing EPOS_finalCodeQA.cxx...
Total events = 7974900
First pass: computing FT0...
Second pass: physics observables...
Event 11: eposID=231, pt=0.383191, y=-0.300901, ist=7, ity=30 ior=204, jor=-1
Event 11: eposID=231, pt=0.64552, y=0.300946, ist=7, ity=31 ior=276, jor=-1
Event 15: eposID=231, pt=1.61093, y=-0.100547, ist=3, ity=32 ior=91, jor=-1
Event 15: eposID=231, pt=1.61093, y=-0.102206, ist=6, ity=32 ior=97, jor=-1
Event 17: eposID=231, pt=0.258933, y=0.203628, ist=7, ity=31 ior=127, jor=-1
Event 18: eposID=231, pt=1.41686, y=-0.0660259, ist=3, ity=32 ior=91, jor=-1
Event 18: eposID=231, pt=0.519489, y=-0.301895, ist=3, ity=30 ior=115, jor=-1
Event 18: eposID=231, pt=0.491276, y=0.49971, ist=7, ity=31 ior=126, jor=-1
Event 18: eposID=231, pt=1.41686, y=-0.0660259, ist=6, ity=32 ior=96, jor=-1
Event 18: eposID=231, pt=0.519489, y=-0.371719, ist=6, ity=30 ior=122, jor=-1
Event 19: eposID=231, pt=0.515961, y=0.364348, ist=7, ity=30 ior=124, jor=-1
Event 19: eposID=231, pt=1.01779, y=0.139256, ist=1, ity=60 ior=419, jor=-1
Event 19: eposID=231, pt=0.147937, y=0.452376, ist=6, ity=60 ior=535, jor=-1
Event 22: eposID=231, pt=0.178991, y=-0.323958, ist=3, ity=31 ior=42, jor=-1
Event 22: eposID=231, pt=0.178991, y=-0.295778, ist=6, ity=31 ior=50, jor=-1
Event 27: eposID=231, pt=0.316593, y=0.0176626, ist=3, ity=30 ior=37, jor=-1
Event 27: eposID=231, pt=0.316593, y=0.0176626, ist=6, ity=30 ior=47, jor=-1
Event 28: eposID=231, pt=0.109457, y=-0.330785, ist=7, ity=30 ior=36, jor=-1
Event 28: eposID=231, pt=0.0386827, y=0.310063, ist=7, ity=31 ior=57, jor=-1
Event 32: eposID=231, pt=0.548, y=-0.30419, ist=3, ity=30 ior=56, jor=-1
Event 32: eposID=231, pt=0.548, y=-0.30419, ist=6, ity=30 ior=70, jor=-1
Event 36: eposID=231, pt=0.167098, y=-0.361608, ist=3, ity=30 ior=170, jor=-1
Event 36: eposID=231, pt=0.167098, y=-0.420239, ist=6, ity=30 ior=191, jor=-1
Event 37: eposID=231, pt=0.65653, y=-0.397585, ist=3, ity=60 ior=-1, jor=-1
Event 37: eposID=231, pt=0.65653, y=-0.406091, ist=6, ity=60 ior=249, jor=-1
Event 39: eposID=231, pt=1.16054, y=-0.477676, ist=3, ity=60 ior=-1, jor=-1
Event 40: eposID=231, pt=0.517284, y=-0.390892, ist=7, ity=31 ior=235, jor=-1
Event 41: eposID=231, pt=0.12044, y=-0.0296799, ist=3, ity=30 ior=219, jor=-1
Event 41: eposID=231, pt=0.12044, y=-0.0299267, ist=6, ity=30 ior=227, jor=-1
Event 42: eposID=231, pt=0.00447186, y=0.000579558, ist=3, ity=30 ior=282, jor=-1
Event 42: eposID=231, pt=0.00447186, y=0.000580629, ist=6, ity=30 ior=288, jor=-1
Event 43: eposID=231, pt=0.507974, y=0.385437, ist=7, ity=31 ior=224, jor=-1
Event 46: eposID=231, pt=0.624111, y=0.377571, ist=1, ity=60 ior=109, jor=-1
Event 52: eposID=231, pt=0.250821, y=-0.191688, ist=7, ity=30 ior=269, jor=-1
Event 52: eposID=231, pt=1.30426, y=0.248233, ist=1, ity=60 ior=466, jor=-1
Event 52: eposID=231, pt=0.748122, y=-0.0499225, ist=6, ity=60 ior=1064, jor=-1
Event 54: eposID=231, pt=0.516086, y=0.0444267, ist=7, ity=30 ior=285, jor=-1
Event 54: eposID=231, pt=0.878175, y=-0.00716932, ist=7, ity=30 ior=322, jor=-1
Event 54: eposID=231, pt=1.53253, y=0.208919, ist=3, ity=60 ior=-1, jor=-1
Event 54: eposID=231, pt=1.53253, y=0.208919, ist=6, ity=60 ior=434, jor=-1
Event 66: eposID=231, pt=0.880295, y=0.27449, ist=3, ity=60 ior=-1, jor=-1
Event 66: eposID=231, pt=0.880295, y=0.263887, ist=6, ity=60 ior=123, jor=-1
Event 71: eposID=231, pt=0.956568, y=-0.412026, ist=7, ity=31 ior=265, jor=-1
Event 73: eposID=231, pt=0.842453, y=0.479921, ist=7, ity=31 ior=106, jor=-1
Event 74: eposID=231, pt=0.20487, y=0.188954, ist=3, ity=31 ior=105, jor=-1
Event 74: eposID=231, pt=0.20487, y=0.189893, ist=6, ity=31 ior=113, jor=-1
Event 75: eposID=231, pt=0.235758, y=-0.326769, ist=3, ity=31 ior=59, jor=-1
Event 75: eposID=231, pt=0.708898, y=0.38104, ist=7, ity=31 ior=75, jor=-1
Event 75: eposID=231, pt=0.235758, y=-0.326769, ist=6, ity=31 ior=62, jor=-1
Event 78: eposID=231, pt=0.1175, y=-0.289771, ist=3, ity=31 ior=58, jor=-1
Event 78: eposID=231, pt=0.1175, y=-0.289771, ist=6, ity=31 ior=61, jor=-1
Event 79: eposID=231, pt=0.0896542, y=0.113305, ist=3, ity=31 ior=84, jor=-1
Event 79: eposID=231, pt=0.0896542, y=0.116223, ist=6, ity=31 ior=89, jor=-1
Event 81: eposID=231, pt=0.699995, y=0.130579, ist=7, ity=30 ior=278, jor=-1
Event 81: eposID=231, pt=2.80681, y=0.135205, ist=3, ity=60 ior=-1, jor=-1
Event 81: eposID=231, pt=2.80681, y=0.135205, ist=6, ity=60 ior=407, jor=-1
Event 83: eposID=231, pt=0.052726, y=-0.297202, ist=7, ity=30 ior=255, jor=-1
Event 84: eposID=231, pt=0.426666, y=0.120843, ist=7, ity=30 ior=262, jor=-1
Event 84: eposID=231, pt=0.267342, y=-0.15917, ist=7, ity=31 ior=314, jor=-1
Event 91: eposID=231, pt=0.301588, y=0.0570111, ist=3, ity=30 ior=48, jor=-1
Event 91: eposID=231, pt=0.301588, y=0.0580471, ist=6, ity=30 ior=53, jor=-1
Event 100: eposID=231, pt=0.771627, y=0.289413, ist=3, ity=60 ior=-1, jor=-1
Event 100: eposID=231, pt=1.80202, y=0.241118, ist=3, ity=60 ior=-1, jor=-1
Event 100: eposID=231, pt=0.771627, y=0.28589, ist=6, ity=60 ior=247, jor=-1
Event 100: eposID=231, pt=1.80202, y=0.241118, ist=6, ity=60 ior=253, jor=-1
Event 101: eposID=231, pt=0.605196, y=-0.114758, ist=7, ity=30 ior=60, jor=-1
Event 101: eposID=231, pt=0.360464, y=-0.161065, ist=7, ity=30 ior=166, jor=-1
Event 102: eposID=231, pt=0.632438, y=0.483882, ist=7, ity=30 ior=102, jor=-1
Event 103: eposID=231, pt=0.760879, y=0.108944, ist=7, ity=30 ior=103, jor=-1
Event 106: eposID=231, pt=0.168909, y=0.0638904, ist=3, ity=31 ior=226, jor=-1
Event 106: eposID=231, pt=0.229585, y=0.113365, ist=7, ity=30 ior=297, jor=-1
Event 106: eposID=231, pt=0.168909, y=0.0638904, ist=6, ity=31 ior=236, jor=-1
Event 107: eposID=231, pt=0.195952, y=-0.454248, ist=7, ity=31 ior=104, jor=-1
Event 108: eposID=231, pt=0.697368, y=0.121166, ist=7, ity=31 ior=137, jor=-1
Event 108: eposID=231, pt=0.372398, y=0.191576, ist=3, ity=31 ior=223, jor=-1
Event 108: eposID=231, pt=0.372398, y=0.191576, ist=6, ity=31 ior=227, jor=-1
Event 111: eposID=231, pt=1.61863, y=0.490809, ist=3, ity=60 ior=-1, jor=-1
Event 112: eposID=231, pt=0.122057, y=0.0460792, ist=7, ity=30 ior=76, jor=-1
Event 112: eposID=231, pt=0.565155, y=0.23239, ist=7, ity=30 ior=76, jor=-1
Event 112: eposID=231, pt=1.46947, y=0.498302, ist=6, ity=60 ior=311, jor=-1
Event 114: eposID=231, pt=0.204547, y=-0.361919, ist=7, ity=31 ior=117, jor=-1
Event 114: eposID=231, pt=1.23571, y=-0.143363, ist=6, ity=60 ior=827, jor=-1
Event 115: eposID=231, pt=0.368177, y=0.313992, ist=7, ity=31 ior=111, jor=-1
Event 117: eposID=231, pt=0.82198, y=-0.0173095, ist=3, ity=31 ior=92, jor=-1
Event 117: eposID=231, pt=0.597116, y=0.0556463, ist=3, ity=60 ior=-1, jor=-1
Event 117: eposID=231, pt=0.82198, y=-0.0174796, ist=6, ity=31 ior=106, jor=-1
Event 117: eposID=231, pt=0.597116, y=0.0380666, ist=6, ity=60 ior=176, jor=-1
Event 118: eposID=231, pt=0.149649, y=-0.158445, ist=7, ity=30 ior=110, jor=-1
Event 118: eposID=231, pt=0.414907, y=0.0561757, ist=7, ity=30 ior=110, jor=-1
Event 122: eposID=231, pt=0.455043, y=0.201451, ist=3, ity=31 ior=30, jor=-1
Event 122: eposID=231, pt=0.455043, y=0.191216, ist=6, ity=31 ior=31, jor=-1
Event 125: eposID=231, pt=0.463192, y=0.485488, ist=3, ity=31 ior=77, jor=-1
Event 125: eposID=231, pt=0.463192, y=0.49587, ist=6, ity=31 ior=78, jor=-1
Event 141: eposID=231, pt=1.91709, y=0.377149, ist=3, ity=60 ior=-1, jor=-1
Event 141: eposID=231, pt=1.91709, y=0.377149, ist=6, ity=60 ior=238, jor=-1
Event 143: eposID=231, pt=0.262788, y=0.467371, ist=7, ity=30 ior=187, jor=-1
Event 144: eposID=231, pt=1.04479, y=-0.265882, ist=3, ity=31 ior=193, jor=-1
Event 144: eposID=231, pt=1.04479, y=-0.246643, ist=6, ity=31 ior=202, jor=-1
Event 146: eposID=231, pt=0.486217, y=0.221392, ist=3, ity=30 ior=141, jor=-1
Event 146: eposID=231, pt=0.486217, y=0.207228, ist=6, ity=30 ior=149, jor=-1
Event 147: eposID=231, pt=0.0729686, y=0.34734, ist=3, ity=31 ior=49, jor=-1
Event 147: eposID=231, pt=0.0729686, y=0.34734, ist=6, ity=31 ior=56, jor=-1
Event 157: eposID=231, pt=0.000691772, y=-0.00182434, ist=3, ity=30 ior=54, jor=-1
Event 157: eposID=231, pt=0.000691772, y=-0.00182434, ist=6, ity=30 ior=57, jor=-1
Event 160: eposID=231, pt=0.405382, y=0.333277, ist=7, ity=30 ior=159, jor=-1
Event 162: eposID=231, pt=0.670316, y=-0.105259, ist=3, ity=31 ior=57, jor=-1
Event 162: eposID=231, pt=0.43615, y=-0.349156, ist=3, ity=31 ior=57, jor=-1
Event 162: eposID=231, pt=0.670316, y=-0.110901, ist=6, ity=31 ior=62, jor=-1
Event 162: eposID=231, pt=0.43615, y=-0.349156, ist=6, ity=31 ior=64, jor=-1
Event 163: eposID=231, pt=0.221435, y=-0.15352, ist=7, ity=30 ior=145, jor=-1
Event 165: eposID=231, pt=0.717628, y=0.0572951, ist=7, ity=31 ior=275, jor=-1
Event 165: eposID=231, pt=0.0444721, y=-0.244829, ist=3, ity=31 ior=436, jor=-1
Event 165: eposID=231, pt=0.273639, y=0.315479, ist=7, ity=30 ior=601, jor=-1
Event 165: eposID=231, pt=0.0444721, y=-0.238884, ist=6, ity=31 ior=447, jor=-1
Event 165: eposID=231, pt=0.295072, y=-0.245526, ist=6, ity=60 ior=1508, jor=-1
Event 166: eposID=231, pt=0.921832, y=0.143426, ist=7, ity=30 ior=302, jor=-1
Event 166: eposID=231, pt=0.26489, y=0.00837098, ist=3, ity=60 ior=-1, jor=-1
Event 166: eposID=231, pt=0.26489, y=0.00817323, ist=6, ity=60 ior=717, jor=-1
Event 167: eposID=231, pt=0.254741, y=-0.106443, ist=7, ity=31 ior=434, jor=-1
Event 167: eposID=231, pt=0.0417902, y=-0.083307, ist=7, ity=31 ior=526, jor=-1
Event 167: eposID=231, pt=0.697867, y=-0.0541508, ist=3, ity=60 ior=-1, jor=-1
Event 167: eposID=231, pt=0.697867, y=-0.0540003, ist=6, ity=60 ior=671, jor=-1
Event 167: eposID=231, pt=1.16885, y=-0.0270773, ist=6, ity=60 ior=1489, jor=-1
Event 168: eposID=231, pt=0.343846, y=0.304004, ist=7, ity=30 ior=222, jor=-1
Event 168: eposID=231, pt=0.093322, y=-0.289337, ist=7, ity=30 ior=291, jor=-1
Event 168: eposID=231, pt=0.363424, y=0.366616, ist=7, ity=31 ior=490, jor=-1
Event 168: eposID=231, pt=0.387198, y=0.340395, ist=3, ity=31 ior=597, jor=-1
Event 168: eposID=231, pt=0.387198, y=0.344146, ist=6, ity=31 ior=602, jor=-1
Event 169: eposID=231, pt=1.89093, y=0.237197, ist=3, ity=31 ior=255, jor=-1
Event 169: eposID=231, pt=0.428729, y=0.40797, ist=7, ity=31 ior=384, jor=-1
Event 169: eposID=231, pt=0.0754643, y=0.0212222, ist=3, ity=31 ior=432, jor=-1
Event 169: eposID=231, pt=1.28408, y=0.472249, ist=7, ity=31 ior=465, jor=-1
Event 169: eposID=231, pt=5.51963, y=0.238648, ist=3, ity=60 ior=-1, jor=-1
Event 169: eposID=231, pt=1.89093, y=0.237197, ist=6, ity=31 ior=271, jor=-1
Event 169: eposID=231, pt=0.0754643, y=0.0212222, ist=6, ity=31 ior=438, jor=-1
Event 169: eposID=231, pt=5.51963, y=0.243968, ist=6, ity=60 ior=726, jor=-1
Event 175: eposID=231, pt=0.329994, y=-0.0993974, ist=7, ity=30 ior=102, jor=-1
Event 177: eposID=231, pt=0.56873, y=0.309119, ist=7, ity=31 ior=51, jor=-1
Event 178: eposID=231, pt=0.71182, y=-0.419824, ist=7, ity=31 ior=51, jor=-1
Event 179: eposID=231, pt=0.374212, y=0.254215, ist=3, ity=30 ior=41, jor=-1
Event 179: eposID=231, pt=0.374212, y=0.254215, ist=6, ity=30 ior=43, jor=-1
Event 183: eposID=231, pt=0.071588, y=-0.379926, ist=3, ity=30 ior=29, jor=-1
Event 183: eposID=231, pt=0.071588, y=-0.379926, ist=6, ity=30 ior=34, jor=-1
Event 191: eposID=231, pt=0.197984, y=0.422355, ist=3, ity=30 ior=35, jor=-1
Event 191: eposID=231, pt=0.197984, y=0.39111, ist=6, ity=30 ior=41, jor=-1
Event 197: eposID=231, pt=0.48309, y=-0.352767, ist=7, ity=31 ior=62, jor=-1
Event 199: eposID=231, pt=0.817424, y=0.287084, ist=3, ity=60 ior=-1, jor=-1
Event 199: eposID=231, pt=0.817424, y=0.261971, ist=6, ity=60 ior=260, jor=-1
Event 205: eposID=231, pt=0.442888, y=-0.275815, ist=7, ity=31 ior=183, jor=-1
Event 206: eposID=231, pt=0.381622, y=0.393445, ist=3, ity=31 ior=187, jor=-1
Event 206: eposID=231, pt=0.381622, y=0.393445, ist=6, ity=31 ior=206, jor=-1
Event 226: eposID=231, pt=1.00769, y=-0.073007, ist=3, ity=60 ior=-1, jor=-1
Event 226: eposID=231, pt=1.00769, y=-0.073007, ist=6, ity=60 ior=123, jor=-1
Event 231: eposID=231, pt=0.112544, y=-0.150554, ist=3, ity=31 ior=39, jor=-1
Event 231: eposID=231, pt=0.112544, y=-0.143767, ist=6, ity=31 ior=49, jor=-1
Event 233: eposID=231, pt=0.194964, y=-0.431145, ist=3, ity=31 ior=47, jor=-1
Event 233: eposID=231, pt=0.194964, y=-0.414448, ist=6, ity=31 ior=48, jor=-1
Event 234: eposID=231, pt=0.426804, y=0.384912, ist=3, ity=31 ior=38, jor=-1
Event 234: eposID=231, pt=0.426804, y=0.393352, ist=6, ity=31 ior=49, jor=-1
Event 235: eposID=231, pt=0.319331, y=0.244442, ist=3, ity=31 ior=356, jor=-1
Event 235: eposID=231, pt=0.400246, y=0.00056509, ist=3, ity=60 ior=-1, jor=-1
Event 235: eposID=231, pt=0.319331, y=0.230879, ist=6, ity=31 ior=368, jor=-1
Event 235: eposID=231, pt=0.400246, y=0.00056509, ist=6, ity=60 ior=456, jor=-1
Event 236: eposID=231, pt=0.222908, y=0.365064, ist=3, ity=31 ior=324, jor=-1
Event 236: eposID=231, pt=0.222908, y=0.365064, ist=6, ity=31 ior=329, jor=-1
Event 239: eposID=231, pt=1.44422, y=0.370296, ist=3, ity=30 ior=169, jor=-1
Event 239: eposID=231, pt=1.44422, y=0.370296, ist=6, ity=30 ior=176, jor=-1
Event 241: eposID=231, pt=0.824463, y=0.447613, ist=3, ity=31 ior=20, jor=-1
Event 241: eposID=231, pt=0.824463, y=0.447613, ist=6, ity=31 ior=32, jor=-1
Event 245: eposID=231, pt=0.225915, y=-0.440972, ist=7, ity=31 ior=109, jor=-1
Event 245: eposID=231, pt=1.45431, y=0.316507, ist=3, ity=60 ior=-1, jor=-1
Event 245: eposID=231, pt=1.45431, y=0.316507, ist=6, ity=60 ior=217, jor=-1
Event 248: eposID=231, pt=0.430382, y=0.287792, ist=7, ity=31 ior=122, jor=-1
Event 252: eposID=231, pt=0.335087, y=-0.477667, ist=7, ity=30 ior=258, jor=-1
Event 253: eposID=231, pt=0.238915, y=-0.211997, ist=7, ity=30 ior=187, jor=-1
Event 256: eposID=231, pt=0.917253, y=0.291817, ist=3, ity=60 ior=-1, jor=-1
Event 256: eposID=231, pt=0.917253, y=0.309026, ist=6, ity=60 ior=115, jor=-1
Event 264: eposID=231, pt=0.775879, y=-0.40902, ist=3, ity=30 ior=36, jor=-1
Event 264: eposID=231, pt=0.775879, y=-0.40902, ist=6, ity=30 ior=48, jor=-1
Event 275: eposID=231, pt=0.502091, y=-0.101789, ist=3, ity=30 ior=122, jor=-1
Event 275: eposID=231, pt=0.502091, y=-0.101789, ist=6, ity=30 ior=125, jor=-1
Event 280: eposID=231, pt=0.0747855, y=-0.0669679, ist=3, ity=31 ior=74, jor=-1
Event 280: eposID=231, pt=0.61133, y=0.399421, ist=3, ity=60 ior=-1, jor=-1
Event 280: eposID=231, pt=0.0747855, y=-0.0669679, ist=6, ity=31 ior=75, jor=-1
Event 280: eposID=231, pt=0.61133, y=0.399421, ist=6, ity=60 ior=250, jor=-1
Event 283: eposID=231, pt=0.335302, y=0.031655, ist=7, ity=30 ior=100, jor=-1
Event 283: eposID=231, pt=0.531068, y=-0.178819, ist=7, ity=31 ior=124, jor=-1
Event 293: eposID=231, pt=0.0303959, y=0.298567, ist=3, ity=30 ior=78, jor=-1
Event 293: eposID=231, pt=0.0303959, y=0.261257, ist=6, ity=30 ior=93, jor=-1
Event 297: eposID=231, pt=0.483353, y=-0.0892145, ist=7, ity=31 ior=46, jor=-1
Event 305: eposID=231, pt=0.379838, y=0.132758, ist=7, ity=30 ior=254, jor=-1
Event 305: eposID=231, pt=0.544686, y=0.141783, ist=7, ity=31 ior=277, jor=-1
Event 305: eposID=231, pt=0.205817, y=-0.427587, ist=7, ity=31 ior=411, jor=-1
Event 306: eposID=231, pt=0.0683405, y=0.0152884, ist=3, ity=30 ior=192, jor=-1
Event 306: eposID=231, pt=0.467322, y=-0.0556584, ist=3, ity=31 ior=207, jor=-1
Event 306: eposID=231, pt=0.8744, y=-0.467054, ist=7, ity=31 ior=470, jor=-1
Event 306: eposID=231, pt=0.0683405, y=0.0144409, ist=6, ity=30 ior=193, jor=-1
Event 306: eposID=231, pt=0.467322, y=-0.0556584, ist=6, ity=31 ior=211, jor=-1
Event 307: eposID=231, pt=0.852232, y=0.163127, ist=3, ity=31 ior=205, jor=-1
Event 307: eposID=231, pt=0.852232, y=0.163127, ist=6, ity=31 ior=206, jor=-1
Event 308: eposID=231, pt=0.290916, y=-0.321891, ist=7, ity=30 ior=546, jor=-1
Event 308: eposID=231, pt=2.95148, y=-0.404016, ist=6, ity=31 ior=484, jor=-1
Event 311: eposID=231, pt=0.470753, y=0.485968, ist=7, ity=30 ior=83, jor=-1
Event 312: eposID=231, pt=0.164244, y=0.244913, ist=7, ity=30 ior=84, jor=-1
Event 312: eposID=231, pt=0.237737, y=0.105811, ist=7, ity=30 ior=140, jor=-1
Event 312: eposID=231, pt=0.309933, y=-0.33373, ist=7, ity=31 ior=196, jor=-1
Event 314: eposID=231, pt=0.202784, y=-0.266865, ist=7, ity=30 ior=129, jor=-1
Event 314: eposID=231, pt=1.33698, y=-0.288788, ist=3, ity=60 ior=-1, jor=-1
Event 314: eposID=231, pt=1.33698, y=-0.288788, ist=6, ity=60 ior=248, jor=-1
Event 315: eposID=231, pt=0.172504, y=0.155486, ist=7, ity=30 ior=29, jor=-1
Event 321: eposID=231, pt=0.644314, y=0.482828, ist=7, ity=31 ior=72, jor=-1
Event 322: eposID=231, pt=0.116169, y=0.373067, ist=3, ity=30 ior=170, jor=-1
Event 322: eposID=231, pt=0.116169, y=0.361792, ist=6, ity=30 ior=177, jor=-1
Event 325: eposID=231, pt=0.215693, y=0.116515, ist=7, ity=31 ior=59, jor=-1
Event 325: eposID=231, pt=0.0920723, y=0.0181888, ist=3, ity=60 ior=-1, jor=-1
Event 325: eposID=231, pt=0.0920723, y=0.0181888, ist=6, ity=60 ior=299, jor=-1
Event 328: eposID=231, pt=0.275635, y=0.104148, ist=1, ity=60 ior=291, jor=-1
Event 328: eposID=231, pt=1.58113, y=-0.460513, ist=1, ity=60 ior=293, jor=-1
Event 332: eposID=231, pt=0.392883, y=-0.0929865, ist=3, ity=53 ior=5, jor=-1
Event 332: eposID=231, pt=0.392883, y=-0.0929865, ist=6, ity=53 ior=14, jor=-1
Event 342: eposID=231, pt=0.0810181, y=0.294418, ist=7, ity=31 ior=64, jor=-1
Event 342: eposID=231, pt=0.460113, y=0.395606, ist=3, ity=30 ior=140, jor=-1
Event 342: eposID=231, pt=0.460113, y=0.395606, ist=6, ity=30 ior=154, jor=-1
Event 343: eposID=231, pt=1.37501, y=0.144171, ist=3, ity=31 ior=68, jor=-1
Event 343: eposID=231, pt=0.852594, y=0.0612936, ist=3, ity=31 ior=122, jor=-1
Event 343: eposID=231, pt=1.37501, y=0.144171, ist=6, ity=31 ior=77, jor=-1
Event 343: eposID=231, pt=0.852594, y=0.0612936, ist=6, ity=31 ior=125, jor=-1
Event 345: eposID=231, pt=0.411073, y=0.419119, ist=3, ity=31 ior=101, jor=-1
Event 345: eposID=231, pt=0.411073, y=0.419119, ist=6, ity=31 ior=111, jor=-1
Event 351: eposID=231, pt=0.174094, y=0.0847227, ist=3, ity=30 ior=257, jor=-1
Event 351: eposID=231, pt=0.174094, y=0.0825343, ist=6, ity=30 ior=262, jor=-1
Event 353: eposID=231, pt=0.122604, y=-0.429547, ist=7, ity=30 ior=251, jor=-1
Event 354: eposID=231, pt=1.2982, y=-0.14342, ist=3, ity=60 ior=-1, jor=-1
Event 354: eposID=231, pt=1.2982, y=-0.143664, ist=6, ity=60 ior=337, jor=-1
Event 360: eposID=231, pt=0.192038, y=-0.158407, ist=3, ity=30 ior=128, jor=-1
Event 360: eposID=231, pt=0.192038, y=-0.164353, ist=6, ity=30 ior=129, jor=-1
Event 361: eposID=231, pt=0.557232, y=0.286478, ist=3, ity=30 ior=63, jor=-1
Event 361: eposID=231, pt=0.557232, y=0.279887, ist=6, ity=30 ior=72, jor=-1
Event 362: eposID=231, pt=0.351078, y=0.13268, ist=3, ity=30 ior=70, jor=-1
Event 362: eposID=231, pt=0.351078, y=0.13268, ist=6, ity=30 ior=76, jor=-1
Event 368: eposID=231, pt=0.439399, y=0.166346, ist=3, ity=31 ior=17, jor=-1
Event 368: eposID=231, pt=0.439399, y=0.122938, ist=6, ity=31 ior=29, jor=-1
Event 369: eposID=231, pt=0.211066, y=-0.400026, ist=3, ity=30 ior=42, jor=-1
Event 369: eposID=231, pt=0.211066, y=-0.399325, ist=6, ity=30 ior=48, jor=-1
Event 385: eposID=231, pt=0.825, y=0.103888, ist=3, ity=60 ior=-1, jor=-1
Event 385: eposID=231, pt=0.825, y=0.103888, ist=6, ity=60 ior=504, jor=-1
Event 386: eposID=231, pt=0.975047, y=-0.144246, ist=3, ity=31 ior=312, jor=-1
Event 386: eposID=231, pt=0.500722, y=-0.29573, ist=3, ity=60 ior=-1, jor=-1
Event 386: eposID=231, pt=0.975047, y=-0.140777, ist=6, ity=31 ior=314, jor=-1
Event 386: eposID=231, pt=0.500722, y=-0.293471, ist=6, ity=60 ior=548, jor=-1
Event 387: eposID=231, pt=0.0998075, y=0.122987, ist=7, ity=30 ior=320, jor=-1
Event 388: eposID=231, pt=0.0863823, y=-0.219416, ist=7, ity=30 ior=227, jor=-1
Event 388: eposID=231, pt=0.350153, y=0.192162, ist=7, ity=31 ior=334, jor=-1
Event 389: eposID=231, pt=0.345507, y=-0.152247, ist=7, ity=31 ior=459, jor=-1
Event 390: eposID=231, pt=0.0786453, y=-0.239387, ist=7, ity=30 ior=118, jor=-1
Event 391: eposID=231, pt=0.0959679, y=0.0542992, ist=7, ity=31 ior=132, jor=-1
Event 393: eposID=231, pt=0.0496677, y=-0.246755, ist=7, ity=30 ior=66, jor=-1
Event 395: eposID=231, pt=0.579658, y=0.46785, ist=7, ity=31 ior=309, jor=-1
Event 396: eposID=231, pt=0.224838, y=0.236935, ist=7, ity=30 ior=208, jor=-1
Event 396: eposID=231, pt=0.188265, y=-0.465968, ist=7, ity=30 ior=463, jor=-1
Event 397: eposID=231, pt=0.466056, y=0.32165, ist=7, ity=31 ior=455, jor=-1
Event 407: eposID=231, pt=1.49758, y=0.428575, ist=3, ity=60 ior=-1, jor=-1
Event 407: eposID=231, pt=1.49758, y=0.428575, ist=6, ity=60 ior=150, jor=-1
Event 409: eposID=231, pt=0.464771, y=-0.0923267, ist=7, ity=31 ior=104, jor=-1
Event 420: eposID=231, pt=0.502097, y=-0.384005, ist=7, ity=31 ior=148, jor=-1
Event 420: eposID=231, pt=0.465792, y=-0.445174, ist=7, ity=31 ior=180, jor=-1
Event 420: eposID=231, pt=1.05703, y=0.057126, ist=7, ity=31 ior=180, jor=-1
Event 420: eposID=231, pt=0.43721, y=0.180176, ist=7, ity=31 ior=180, jor=-1
Event 421: eposID=231, pt=0.492529, y=-0.0336546, ist=7, ity=31 ior=149, jor=-1
Event 421: eposID=231, pt=0.0859328, y=0.282679, ist=3, ity=31 ior=408, jor=-1
Event 421: eposID=231, pt=1.75716, y=-0.0402462, ist=3, ity=60 ior=-1, jor=-1
Event 421: eposID=231, pt=0.0859328, y=0.282679, ist=6, ity=31 ior=412, jor=-1
Event 421: eposID=231, pt=1.75716, y=-0.0394054, ist=6, ity=60 ior=557, jor=-1
Event 422: eposID=231, pt=0.227527, y=0.00650048, ist=7, ity=30 ior=163, jor=-1
Event 423: eposID=231, pt=0.156357, y=0.157269, ist=7, ity=31 ior=174, jor=-1
Event 423: eposID=231, pt=0.185987, y=0.090147, ist=7, ity=31 ior=271, jor=-1
Event 423: eposID=231, pt=0.134936, y=0.469508, ist=3, ity=31 ior=430, jor=-1
Event 423: eposID=231, pt=0.134936, y=0.457643, ist=6, ity=31 ior=433, jor=-1
Event 449: eposID=231, pt=0.258667, y=0.164857, ist=3, ity=31 ior=66, jor=-1
Event 449: eposID=231, pt=0.258667, y=0.152389, ist=6, ity=31 ior=70, jor=-1
Event 468: eposID=231, pt=0.468564, y=-0.435355, ist=3, ity=30 ior=83, jor=-1
Event 468: eposID=231, pt=0.468564, y=-0.435355, ist=6, ity=30 ior=94, jor=-1
Event 470: eposID=231, pt=0.573486, y=-0.376003, ist=3, ity=31 ior=79, jor=-1
Event 470: eposID=231, pt=1.28965, y=0.0954044, ist=3, ity=60 ior=-1, jor=-1
Event 470: eposID=231, pt=0.573486, y=-0.377282, ist=6, ity=31 ior=88, jor=-1
Event 470: eposID=231, pt=1.28965, y=0.0954044, ist=6, ity=60 ior=213, jor=-1
Event 473: eposID=231, pt=0.665519, y=0.484291, ist=7, ity=30 ior=119, jor=-1
Event 473: eposID=231, pt=0.0830407, y=-0.0391714, ist=3, ity=30 ior=119, jor=-1
Event 473: eposID=231, pt=0.0830407, y=-0.0386008, ist=6, ity=30 ior=123, jor=-1
Event 476: eposID=231, pt=0.255304, y=-0.158144, ist=7, ity=30 ior=127, jor=-1
Event 476: eposID=231, pt=0.623803, y=0.286583, ist=3, ity=31 ior=152, jor=-1
Event 476: eposID=231, pt=0.623803, y=0.286583, ist=6, ity=31 ior=170, jor=-1
Event 486: eposID=231, pt=0.885239, y=0.0671773, ist=6, ity=60 ior=618, jor=-1
Event 488: eposID=231, pt=0.184133, y=-0.0175051, ist=3, ity=31 ior=104, jor=-1
Event 488: eposID=231, pt=0.184133, y=-0.016894, ist=6, ity=31 ior=118, jor=-1
Event 489: eposID=231, pt=0.215819, y=0.144565, ist=7, ity=31 ior=87, jor=-1
Event 490: eposID=231, pt=0.989634, y=0.488024, ist=7, ity=30 ior=253, jor=-1
Event 494: eposID=231, pt=0.643155, y=-0.449401, ist=7, ity=31 ior=670, jor=-1
Event 500: eposID=231, pt=0.140288, y=0.150993, ist=7, ity=31 ior=29, jor=-1
Event 502: eposID=231, pt=0.238035, y=0.188632, ist=7, ity=30 ior=61, jor=-1
Event 504: eposID=231, pt=0.192975, y=-0.351807, ist=6, ity=60 ior=376, jor=-1
Event 505: eposID=231, pt=0.187817, y=-0.0779197, ist=3, ity=30 ior=20, jor=-1
Event 505: eposID=231, pt=0.187817, y=-0.0600514, ist=6, ity=30 ior=28, jor=-1
Event 517: eposID=231, pt=0.453987, y=-0.0246732, ist=6, ity=30 ior=724, jor=-1
Event 518: eposID=231, pt=2.43149, y=0.305808, ist=3, ity=31 ior=82, jor=-1
Event 518: eposID=231, pt=2.43149, y=0.305808, ist=6, ity=31 ior=84, jor=-1
Event 535: eposID=231, pt=0.359767, y=0.380161, ist=7, ity=30 ior=110, jor=-1
Event 535: eposID=231, pt=1.04669, y=-0.455742, ist=3, ity=60 ior=-1, jor=-1
Event 535: eposID=231, pt=1.04669, y=-0.469885, ist=6, ity=60 ior=380, jor=-1
Event 537: eposID=231, pt=0.702718, y=-0.46914, ist=3, ity=60 ior=-1, jor=-1
Event 537: eposID=231, pt=1.65885, y=-0.330359, ist=3, ity=60 ior=-1, jor=-1
Event 537: eposID=231, pt=0.702718, y=-0.46914, ist=6, ity=60 ior=407, jor=-1
Event 537: eposID=231, pt=1.65885, y=-0.330359, ist=6, ity=60 ior=434, jor=-1
Event 540: eposID=231, pt=0.0622222, y=0.151245, ist=3, ity=30 ior=123, jor=-1
Event 540: eposID=231, pt=0.0622222, y=0.151245, ist=6, ity=30 ior=135, jor=-1
Event 542: eposID=231, pt=0.659455, y=0.0451817, ist=7, ity=30 ior=96, jor=-1
Event 542: eposID=231, pt=0.313664, y=-0.367407, ist=3, ity=60 ior=-1, jor=-1
Event 542: eposID=231, pt=0.313664, y=-0.359936, ist=6, ity=60 ior=170, jor=-1
Event 545: eposID=231, pt=0.440777, y=-0.220141, ist=7, ity=31 ior=153, jor=-1
Event 545: eposID=231, pt=0.128282, y=0.225033, ist=7, ity=30 ior=243, jor=-1
Event 545: eposID=231, pt=0.978429, y=0.310726, ist=3, ity=60 ior=-1, jor=-1
Event 545: eposID=231, pt=0.978429, y=0.276308, ist=6, ity=60 ior=412, jor=-1
Event 546: eposID=231, pt=0.333449, y=0.498107, ist=7, ity=31 ior=238, jor=-1
Event 547: eposID=231, pt=0.137552, y=-0.453706, ist=7, ity=31 ior=185, jor=-1
Event 547: eposID=231, pt=0.2349, y=-0.334461, ist=7, ity=31 ior=327, jor=-1
Event 547: eposID=231, pt=0.335453, y=-0.387966, ist=7, ity=30 ior=373, jor=-1
Event 548: eposID=231, pt=0.513597, y=0.476593, ist=3, ity=31 ior=247, jor=-1
Event 548: eposID=231, pt=0.513597, y=0.498484, ist=6, ity=31 ior=250, jor=-1
Event 562: eposID=231, pt=0.966522, y=0.39842, ist=3, ity=60 ior=-1, jor=-1
Event 562: eposID=231, pt=0.966522, y=0.39842, ist=6, ity=60 ior=336, jor=-1
Event 563: eposID=231, pt=0.125166, y=-0.38719, ist=7, ity=31 ior=160, jor=-1
Event 563: eposID=231, pt=0.751937, y=0.0232003, ist=3, ity=60 ior=-1, jor=-1
Event 563: eposID=231, pt=0.751937, y=0.0232003, ist=6, ity=60 ior=307, jor=-1
Event 564: eposID=231, pt=0.175714, y=-0.403082, ist=7, ity=21 ior=233, jor=-1
Event 568: eposID=231, pt=0.101401, y=-0.321204, ist=7, ity=30 ior=100, jor=-1
Event 569: eposID=231, pt=0.83113, y=0.024157, ist=6, ity=60 ior=675, jor=-1
Event 580: eposID=231, pt=0.242471, y=-0.334434, ist=7, ity=31 ior=31, jor=-1
Event 580: eposID=231, pt=0.104919, y=-0.34616, ist=7, ity=30 ior=60, jor=-1
Event 582: eposID=231, pt=1.13181, y=0.110942, ist=3, ity=60 ior=-1, jor=-1
Event 582: eposID=231, pt=1.13181, y=0.110942, ist=6, ity=60 ior=115, jor=-1
Event 585: eposID=231, pt=0.368284, y=-0.381443, ist=3, ity=31 ior=161, jor=-1
Event 585: eposID=231, pt=0.368284, y=-0.381443, ist=6, ity=31 ior=165, jor=-1
Event 590: eposID=231, pt=0.159176, y=0.156055, ist=7, ity=30 ior=160, jor=-1
Event 590: eposID=231, pt=0.950666, y=-0.306025, ist=3, ity=60 ior=-1, jor=-1
Event 590: eposID=231, pt=0.950666, y=-0.314741, ist=6, ity=60 ior=301, jor=-1
Event 593: eposID=231, pt=0.0832745, y=0.433052, ist=7, ity=31 ior=125, jor=-1
Event 593: eposID=231, pt=0.228417, y=0.283588, ist=7, ity=30 ior=170, jor=-1
Event 594: eposID=231, pt=0.738802, y=-0.370072, ist=3, ity=30 ior=216, jor=-1
Event 594: eposID=231, pt=0.738802, y=-0.370072, ist=6, ity=30 ior=225, jor=-1
Event 605: eposID=231, pt=0.436176, y=0.404027, ist=7, ity=31 ior=116, jor=-1
Event 606: eposID=231, pt=0.332754, y=-0.0925112, ist=7, ity=30 ior=234, jor=-1
Event 608: eposID=231, pt=0.43384, y=-0.0321652, ist=3, ity=30 ior=172, jor=-1
Event 608: eposID=231, pt=0.43384, y=-0.0318392, ist=6, ity=30 ior=180, jor=-1
Event 611: eposID=231, pt=0.578546, y=-0.390399, ist=7, ity=31 ior=108, jor=-1
Event 611: eposID=231, pt=0.832855, y=-0.494529, ist=3, ity=60 ior=-1, jor=-1
Event 611: eposID=231, pt=0.832855, y=-0.494529, ist=6, ity=60 ior=298, jor=-1
Event 617: eposID=231, pt=0.838263, y=0.0419074, ist=3, ity=60 ior=-1, jor=-1
Event 617: eposID=231, pt=0.838263, y=0.0419074, ist=6, ity=60 ior=79, jor=-1
Event 618: eposID=231, pt=0.327903, y=-0.219086, ist=3, ity=31 ior=22, jor=-1
Event 618: eposID=231, pt=0.327903, y=-0.219086, ist=6, ity=31 ior=30, jor=-1
Event 619: eposID=231, pt=1.06605, y=0.194932, ist=3, ity=31 ior=50, jor=-1
Event 619: eposID=231, pt=1.06605, y=0.183478, ist=6, ity=31 ior=62, jor=-1
Event 629: eposID=231, pt=0.091378, y=-0.136781, ist=3, ity=31 ior=91, jor=-1
Event 629: eposID=231, pt=1.04318, y=0.462896, ist=3, ity=60 ior=-1, jor=-1
Event 629: eposID=231, pt=0.091378, y=-0.136781, ist=6, ity=31 ior=98, jor=-1
Event 629: eposID=231, pt=1.04318, y=0.464472, ist=6, ity=60 ior=197, jor=-1
Event 632: eposID=231, pt=3.91536, y=-0.0686686, ist=3, ity=30 ior=136, jor=-1
Event 632: eposID=231, pt=0.210602, y=-0.493285, ist=7, ity=31 ior=205, jor=-1
Event 632: eposID=231, pt=3.91536, y=-0.069258, ist=6, ity=30 ior=144, jor=-1
Event 634: eposID=231, pt=0.25938, y=-0.247773, ist=7, ity=31 ior=86, jor=-1
Event 634: eposID=231, pt=0.870161, y=-0.323393, ist=6, ity=60 ior=836, jor=-1
Event 637: eposID=231, pt=1.36847, y=-0.192045, ist=7, ity=31 ior=328, jor=-1
Event 638: eposID=231, pt=0.48044, y=-0.21645, ist=3, ity=31 ior=303, jor=-1
Event 638: eposID=231, pt=0.48044, y=-0.222953, ist=6, ity=31 ior=307, jor=-1
Event 639: eposID=231, pt=0.341045, y=0.450572, ist=7, ity=31 ior=140, jor=-1
Event 639: eposID=231, pt=0.369256, y=-0.381494, ist=3, ity=60 ior=-1, jor=-1
Event 639: eposID=231, pt=0.369256, y=-0.381494, ist=6, ity=60 ior=435, jor=-1
Event 641: eposID=231, pt=1.27733, y=-0.360142, ist=7, ity=31 ior=379, jor=-1
Event 641: eposID=231, pt=0.274448, y=-0.388449, ist=7, ity=31 ior=407, jor=-1
Event 642: eposID=231, pt=1.8807, y=-0.442126, ist=3, ity=60 ior=-1, jor=-1
Event 642: eposID=231, pt=1.8807, y=-0.416162, ist=6, ity=60 ior=532, jor=-1
Event 643: eposID=231, pt=0.402674, y=-0.0110868, ist=7, ity=30 ior=206, jor=-1
Event 643: eposID=231, pt=1.11301, y=-0.226015, ist=3, ity=30 ior=269, jor=-1
Event 643: eposID=231, pt=0.369371, y=0.00205909, ist=7, ity=31 ior=402, jor=-1
Event 643: eposID=231, pt=1.11301, y=-0.226015, ist=6, ity=30 ior=270, jor=-1
Event 644: eposID=231, pt=0.288143, y=-0.146382, ist=7, ity=31 ior=228, jor=-1
Event 645: eposID=231, pt=0.265809, y=-0.49267, ist=7, ity=30 ior=85, jor=-1
Event 647: eposID=231, pt=0.275762, y=-0.359245, ist=7, ity=30 ior=25, jor=-1
Event 651: eposID=231, pt=1.28471, y=0.247466, ist=3, ity=31 ior=108, jor=-1
Event 651: eposID=231, pt=1.28471, y=0.247466, ist=6, ity=31 ior=110, jor=-1
Event 653: eposID=231, pt=0.330136, y=0.421453, ist=7, ity=31 ior=89, jor=-1
Event 654: eposID=231, pt=1.14729, y=-0.173496, ist=6, ity=60 ior=570, jor=-1
Event 666: eposID=231, pt=0.39769, y=0.362673, ist=7, ity=31 ior=231, jor=-1
Event 667: eposID=231, pt=0.323187, y=0.371784, ist=7, ity=30 ior=211, jor=-1
Event 667: eposID=231, pt=0.231859, y=0.194246, ist=7, ity=22 ior=444, jor=-1
Event 667: eposID=231, pt=0.917264, y=0.288519, ist=3, ity=60 ior=-1, jor=-1
Event 667: eposID=231, pt=0.917264, y=0.288519, ist=6, ity=60 ior=566, jor=-1
Event 668: eposID=231, pt=0.327188, y=0.456084, ist=7, ity=30 ior=342, jor=-1
Event 672: eposID=231, pt=0.348195, y=-0.205594, ist=3, ity=53 ior=14, jor=-1
Event 672: eposID=231, pt=0.348195, y=-0.20651, ist=6, ity=53 ior=30, jor=-1
Event 681: eposID=231, pt=0.690405, y=0.202715, ist=3, ity=31 ior=80, jor=-1
Event 681: eposID=231, pt=0.690405, y=0.202715, ist=6, ity=31 ior=87, jor=-1
Event 682: eposID=231, pt=0.171182, y=-0.125314, ist=3, ity=30 ior=62, jor=-1
Event 682: eposID=231, pt=0.171182, y=-0.121798, ist=6, ity=30 ior=69, jor=-1
Event 685: eposID=231, pt=0.320858, y=-0.225957, ist=7, ity=30 ior=283, jor=-1
Event 685: eposID=231, pt=0.390406, y=-0.00862721, ist=7, ity=30 ior=358, jor=-1
Event 685: eposID=231, pt=1.22404, y=0.0284563, ist=6, ity=60 ior=1972, jor=-1
Event 686: eposID=231, pt=1.78778, y=0.0981981, ist=3, ity=30 ior=304, jor=-1
Event 686: eposID=231, pt=0.389921, y=-0.0842597, ist=7, ity=30 ior=428, jor=-1
Event 686: eposID=231, pt=0.607113, y=-0.272663, ist=7, ity=31 ior=557, jor=-1
Event 686: eposID=231, pt=0.317543, y=-0.0704084, ist=7, ity=30 ior=572, jor=-1
Event 686: eposID=231, pt=0.394489, y=0.0368538, ist=7, ity=30 ior=726, jor=-1
Event 686: eposID=231, pt=0.853873, y=0.0987802, ist=3, ity=60 ior=-1, jor=-1
Event 686: eposID=231, pt=1.78778, y=0.0981981, ist=6, ity=30 ior=305, jor=-1
Event 686: eposID=231, pt=0.853873, y=0.0987802, ist=6, ity=60 ior=912, jor=-1
Event 687: eposID=231, pt=0.311165, y=-0.448944, ist=7, ity=31 ior=384, jor=-1
Event 688: eposID=231, pt=0.367064, y=0.0370516, ist=3, ity=31 ior=419, jor=-1
Event 688: eposID=231, pt=0.775131, y=0.171565, ist=7, ity=30 ior=665, jor=-1
Event 688: eposID=231, pt=2.09041, y=-0.295177, ist=3, ity=60 ior=-1, jor=-1
Event 688: eposID=231, pt=0.367064, y=0.0510888, ist=6, ity=31 ior=430, jor=-1
Event 688: eposID=231, pt=2.09041, y=-0.221786, ist=6, ity=60 ior=948, jor=-1
Event 689: eposID=231, pt=0.25176, y=-0.0179637, ist=7, ity=30 ior=381, jor=-1
Event 689: eposID=231, pt=0.225424, y=-0.433106, ist=7, ity=30 ior=381, jor=-1
Event 689: eposID=231, pt=0.974834, y=-0.114057, ist=7, ity=30 ior=467, jor=-1
Event 689: eposID=231, pt=0.181274, y=-0.39862, ist=3, ity=60 ior=-1, jor=-1
Event 689: eposID=231, pt=0.181274, y=-0.39862, ist=6, ity=60 ior=813, jor=-1
Event 690: eposID=231, pt=0.484752, y=0.190419, ist=7, ity=30 ior=206, jor=-1
Event 690: eposID=231, pt=0.458926, y=-0.00856114, ist=7, ity=30 ior=312, jor=-1
Event 692: eposID=231, pt=0.296705, y=0.146643, ist=3, ity=31 ior=343, jor=-1
Event 692: eposID=231, pt=1.172, y=-0.476021, ist=6, ity=30 ior=300, jor=-1
Event 692: eposID=231, pt=0.296705, y=0.145943, ist=6, ity=31 ior=354, jor=-1
Event 693: eposID=231, pt=0.121569, y=0.460465, ist=7, ity=31 ior=203, jor=-1
Event 693: eposID=231, pt=0.468491, y=0.204578, ist=3, ity=60 ior=-1, jor=-1
Event 693: eposID=231, pt=0.468491, y=0.21912, ist=6, ity=60 ior=514, jor=-1
Event 694: eposID=231, pt=0.867076, y=-0.394599, ist=3, ity=60 ior=-1, jor=-1
Event 694: eposID=231, pt=0.867076, y=-0.325255, ist=6, ity=60 ior=489, jor=-1
Event 697: eposID=231, pt=0.173431, y=-0.345342, ist=7, ity=31 ior=43, jor=-1
Event 705: eposID=231, pt=0.0472026, y=-0.309893, ist=3, ity=30 ior=139, jor=-1
Event 705: eposID=231, pt=1.15751, y=0.146692, ist=3, ity=30 ior=188, jor=-1
Event 705: eposID=231, pt=0.0472026, y=-0.306377, ist=6, ity=30 ior=146, jor=-1
Event 705: eposID=231, pt=1.15751, y=0.146692, ist=6, ity=30 ior=197, jor=-1
Event 709: eposID=231, pt=0.0579834, y=-0.10014, ist=3, ity=31 ior=56, jor=-1
Event 709: eposID=231, pt=0.0579834, y=-0.0995513, ist=6, ity=31 ior=68, jor=-1
Event 713: eposID=231, pt=0.717362, y=0.401136, ist=7, ity=31 ior=165, jor=-1
Event 713: eposID=231, pt=0.940341, y=-0.0972458, ist=7, ity=31 ior=165, jor=-1
Event 713: eposID=231, pt=0.101459, y=-0.0243721, ist=3, ity=33 ior=228, jor=-1
Event 713: eposID=231, pt=0.136479, y=-0.0247671, ist=7, ity=31 ior=262, jor=-1
Event 713: eposID=231, pt=0.101459, y=-0.0243721, ist=6, ity=33 ior=231, jor=-1
Event 714: eposID=231, pt=0.516721, y=-0.0282167, ist=7, ity=31 ior=167, jor=-1
Event 715: eposID=231, pt=0.240815, y=0.136468, ist=7, ity=30 ior=275, jor=-1
Event 715: eposID=231, pt=1.59632, y=-0.420248, ist=3, ity=30 ior=310, jor=-1
Event 715: eposID=231, pt=0.0827462, y=-0.00626298, ist=3, ity=31 ior=352, jor=-1
Event 715: eposID=231, pt=0.167948, y=0.286556, ist=3, ity=31 ior=780, jor=-1
Event 715: eposID=231, pt=1.59632, y=-0.420248, ist=6, ity=30 ior=318, jor=-1
Event 715: eposID=231, pt=0.0827462, y=-0.00626298, ist=6, ity=31 ior=354, jor=-1
Event 715: eposID=231, pt=0.167948, y=0.286556, ist=6, ity=31 ior=786, jor=-1
Event 716: eposID=231, pt=1.08141, y=0.239612, ist=7, ity=30 ior=310, jor=-1
Event 716: eposID=231, pt=1.99385, y=-0.255312, ist=3, ity=30 ior=310, jor=-1
Event 716: eposID=231, pt=1.99385, y=-0.255312, ist=6, ity=30 ior=321, jor=-1
Event 717: eposID=231, pt=0.34178, y=0.227855, ist=7, ity=31 ior=469, jor=-1
Event 717: eposID=231, pt=0.521631, y=-0.112816, ist=7, ity=30 ior=493, jor=-1
Event 717: eposID=231, pt=0.303191, y=-0.14281, ist=7, ity=30 ior=642, jor=-1
Event 717: eposID=231, pt=2.69116, y=0.133621, ist=3, ity=60 ior=-1, jor=-1
Event 717: eposID=231, pt=2.69116, y=0.133621, ist=6, ity=60 ior=862, jor=-1
Event 718: eposID=231, pt=0.318196, y=-0.450462, ist=7, ity=39 ior=467, jor=-1
Event 718: eposID=231, pt=0.274533, y=-0.111316, ist=7, ity=31 ior=603, jor=-1
Event 719: eposID=231, pt=0.377716, y=-0.186574, ist=7, ity=30 ior=348, jor=-1
Event 719: eposID=231, pt=0.557739, y=-0.0332683, ist=7, ity=30 ior=565, jor=-1
Event 719: eposID=231, pt=0.247069, y=0.406617, ist=7, ity=30 ior=688, jor=-1
Event 725: eposID=231, pt=0.230604, y=-0.449304, ist=7, ity=31 ior=50, jor=-1
Event 725: eposID=231, pt=0.657227, y=0.26657, ist=7, ity=31 ior=66, jor=-1
Event 735: eposID=231, pt=0.671715, y=-0.423306, ist=7, ity=31 ior=557, jor=-1
Event 736: eposID=231, pt=2.22999, y=-0.34237, ist=3, ity=60 ior=-1, jor=-1
Event 736: eposID=231, pt=2.22999, y=-0.34237, ist=6, ity=60 ior=723, jor=-1
Event 737: eposID=231, pt=0.438507, y=-0.118462, ist=7, ity=31 ior=535, jor=-1
Event 738: eposID=231, pt=0.475733, y=-0.147248, ist=7, ity=31 ior=460, jor=-1
Event 738: eposID=231, pt=0.268283, y=0.174607, ist=7, ity=22 ior=623, jor=-1
Event 738: eposID=231, pt=1.79813, y=-0.140985, ist=1, ity=60 ior=760, jor=-1
Event 739: eposID=231, pt=0.539127, y=-0.0588975, ist=7, ity=31 ior=481, jor=-1
Event 745: eposID=231, pt=0.245622, y=0.0600773, ist=7, ity=31 ior=150, jor=-1
Event 746: eposID=231, pt=0.492592, y=-0.0513454, ist=7, ity=30 ior=67, jor=-1
Event 749: eposID=231, pt=0.555928, y=-0.379127, ist=6, ity=60 ior=685, jor=-1
Event 756: eposID=231, pt=0.37441, y=-0.0529242, ist=7, ity=31 ior=122, jor=-1
Event 760: eposID=231, pt=0.500906, y=0.277559, ist=6, ity=30 ior=736, jor=-1
Event 763: eposID=231, pt=0.383962, y=0.116395, ist=7, ity=31 ior=177, jor=-1
Event 765: eposID=231, pt=0.0852052, y=0.215007, ist=3, ity=31 ior=60, jor=-1
Event 765: eposID=231, pt=0.0852052, y=0.218168, ist=6, ity=31 ior=67, jor=-1
Event 770: eposID=231, pt=0.0432657, y=0.302092, ist=7, ity=30 ior=31, jor=-1
Event 774: eposID=231, pt=0.999233, y=0.101169, ist=6, ity=60 ior=362, jor=-1
Event 784: eposID=231, pt=0.205704, y=-0.33935, ist=7, ity=30 ior=65, jor=-1
Event 790: eposID=231, pt=0.247014, y=-0.049497, ist=3, ity=31 ior=29, jor=-1
Event 790: eposID=231, pt=0.247014, y=-0.049497, ist=6, ity=31 ior=39, jor=-1
Event 792: eposID=231, pt=0.118294, y=0.338974, ist=3, ity=31 ior=39, jor=-1
Event 792: eposID=231, pt=0.118294, y=0.338974, ist=6, ity=31 ior=50, jor=-1
Event 796: eposID=231, pt=0.148804, y=-0.0532436, ist=3, ity=30 ior=39, jor=-1
Event 796: eposID=231, pt=0.989567, y=-0.21015, ist=3, ity=60 ior=-1, jor=-1
Event 796: eposID=231, pt=0.148804, y=-0.0532436, ist=6, ity=30 ior=43, jor=-1
Event 796: eposID=231, pt=0.989567, y=-0.233657, ist=6, ity=60 ior=99, jor=-1
Event 798: eposID=231, pt=0.330921, y=-0.132608, ist=3, ity=60 ior=-1, jor=-1
Event 798: eposID=231, pt=0.330921, y=-0.132608, ist=6, ity=60 ior=121, jor=-1
Event 799: eposID=231, pt=0.154612, y=0.0461773, ist=7, ity=30 ior=32, jor=-1
Event 808: eposID=231, pt=1.10524, y=0.0716686, ist=3, ity=31 ior=38, jor=-1
Event 808: eposID=231, pt=1.10524, y=0.0709861, ist=6, ity=31 ior=54, jor=-1
Event 815: eposID=231, pt=0.220186, y=0.28552, ist=3, ity=31 ior=213, jor=-1
Event 815: eposID=231, pt=0.220186, y=0.28552, ist=6, ity=31 ior=221, jor=-1
Event 816: eposID=231, pt=0.176418, y=0.448154, ist=7, ity=31 ior=321, jor=-1
Event 818: eposID=231, pt=0.19313, y=0.311908, ist=7, ity=31 ior=176, jor=-1
Event 818: eposID=231, pt=2.0091, y=-0.00338248, ist=3, ity=60 ior=-1, jor=-1
Event 818: eposID=231, pt=2.0091, y=-0.00329904, ist=6, ity=60 ior=455, jor=-1
Event 821: eposID=231, pt=0.0546697, y=-0.176656, ist=3, ity=30 ior=46, jor=-1
Event 821: eposID=231, pt=0.301575, y=0.113877, ist=7, ity=30 ior=83, jor=-1
Event 821: eposID=231, pt=0.0546697, y=-0.176656, ist=6, ity=30 ior=49, jor=-1
Event 823: eposID=231, pt=0.33653, y=-0.385116, ist=7, ity=30 ior=44, jor=-1
Event 826: eposID=231, pt=0.910534, y=0.341173, ist=3, ity=60 ior=-1, jor=-1
Event 826: eposID=231, pt=0.910534, y=0.34568, ist=6, ity=60 ior=271, jor=-1
Event 827: eposID=231, pt=0.844057, y=-0.124993, ist=6, ity=60 ior=683, jor=-1
Event 830: eposID=231, pt=0.411021, y=-0.43377, ist=7, ity=31 ior=359, jor=-1
Event 831: eposID=231, pt=0.445507, y=0.156566, ist=7, ity=31 ior=443, jor=-1
Event 832: eposID=231, pt=0.9474, y=0.2625, ist=7, ity=30 ior=319, jor=-1
Event 832: eposID=231, pt=0.389107, y=0.413513, ist=7, ity=30 ior=368, jor=-1
Event 832: eposID=231, pt=0.586717, y=0.148405, ist=7, ity=30 ior=385, jor=-1
Event 832: eposID=231, pt=0.721313, y=-0.310822, ist=7, ity=30 ior=385, jor=-1
Event 845: eposID=231, pt=0.606098, y=-0.21783, ist=7, ity=31 ior=143, jor=-1
Event 845: eposID=231, pt=1.61863, y=-0.161042, ist=3, ity=31 ior=143, jor=-1
Event 845: eposID=231, pt=1.61863, y=-0.163736, ist=6, ity=31 ior=147, jor=-1
Event 851: eposID=231, pt=0.154054, y=-0.462621, ist=7, ity=30 ior=98, jor=-1
Event 872: eposID=231, pt=1.78822, y=0.238259, ist=3, ity=30 ior=99, jor=-1
Event 872: eposID=231, pt=1.78822, y=0.238259, ist=6, ity=30 ior=111, jor=-1
Event 887: eposID=231, pt=0.156734, y=-0.0350432, ist=7, ity=31 ior=91, jor=-1
Event 890: eposID=231, pt=0.374629, y=0.0948426, ist=7, ity=31 ior=103, jor=-1
Event 891: eposID=231, pt=0.549844, y=-0.246647, ist=3, ity=30 ior=107, jor=-1
Event 891: eposID=231, pt=0.549844, y=-0.246647, ist=6, ity=30 ior=111, jor=-1
Event 896: eposID=231, pt=0.375539, y=-0.22756, ist=7, ity=31 ior=50, jor=-1
Event 896: eposID=231, pt=0.462965, y=0.421244, ist=1, ity=60 ior=136, jor=-1
Event 899: eposID=231, pt=0.155378, y=-0.117848, ist=3, ity=31 ior=31, jor=-1
Event 899: eposID=231, pt=0.352318, y=-0.0372356, ist=3, ity=31 ior=31, jor=-1
Event 899: eposID=231, pt=0.691386, y=-0.215641, ist=3, ity=60 ior=-1, jor=-1
Event 899: eposID=231, pt=0.155378, y=-0.118303, ist=6, ity=31 ior=42, jor=-1
Event 899: eposID=231, pt=0.352318, y=-0.0405166, ist=6, ity=31 ior=43, jor=-1
Event 899: eposID=231, pt=0.691386, y=-0.215641, ist=6, ity=60 ior=109, jor=-1
Event 900: eposID=231, pt=0.573316, y=0.118833, ist=3, ity=43 ior=6, jor=-1
Event 900: eposID=231, pt=0.573316, y=0.118385, ist=6, ity=43 ior=17, jor=-1
Event 910: eposID=231, pt=0.250827, y=0.00981505, ist=7, ity=30 ior=649, jor=-1
Event 910: eposID=231, pt=0.277001, y=-0.152012, ist=7, ity=30 ior=786, jor=-1
Event 910: eposID=231, pt=0.528016, y=0.288435, ist=7, ity=30 ior=796, jor=-1
Event 910: eposID=231, pt=0.217046, y=-0.347971, ist=7, ity=30 ior=796, jor=-1
Event 910: eposID=231, pt=1.43241, y=-0.33388, ist=6, ity=60 ior=2101, jor=-1
Event 911: eposID=231, pt=0.379619, y=0.461486, ist=7, ity=31 ior=710, jor=-1
Event 912: eposID=231, pt=0.154617, y=-0.162206, ist=7, ity=31 ior=320, jor=-1
Event 912: eposID=231, pt=0.610776, y=0.400601, ist=7, ity=31 ior=360, jor=-1
Event 912: eposID=231, pt=0.429265, y=0.0443863, ist=7, ity=30 ior=387, jor=-1
Event 912: eposID=231, pt=0.419861, y=-0.382397, ist=7, ity=31 ior=762, jor=-1
Event 912: eposID=231, pt=0.277315, y=-0.249764, ist=7, ity=30 ior=796, jor=-1
Event 913: eposID=231, pt=0.420653, y=0.432189, ist=7, ity=31 ior=268, jor=-1
Event 913: eposID=231, pt=0.289158, y=0.471713, ist=7, ity=31 ior=268, jor=-1
Event 913: eposID=231, pt=1.55759, y=0.149841, ist=7, ity=30 ior=557, jor=-1
Event 913: eposID=231, pt=3.58016, y=0.200791, ist=3, ity=60 ior=-1, jor=-1
Event 913: eposID=231, pt=3.58016, y=0.200791, ist=6, ity=60 ior=953, jor=-1
Event 914: eposID=231, pt=0.876102, y=-0.209121, ist=7, ity=31 ior=414, jor=-1
Event 914: eposID=231, pt=0.420084, y=0.372858, ist=3, ity=60 ior=-1, jor=-1
Event 914: eposID=231, pt=0.217897, y=0.353576, ist=3, ity=60 ior=-1, jor=-1
Event 914: eposID=231, pt=0.420084, y=0.41491, ist=6, ity=60 ior=899, jor=-1
Event 914: eposID=231, pt=0.217897, y=0.372047, ist=6, ity=60 ior=944, jor=-1
Event 915: eposID=231, pt=0.0692537, y=0.3184, ist=3, ity=30 ior=52, jor=-1
Event 915: eposID=231, pt=0.0692537, y=0.3184, ist=6, ity=30 ior=66, jor=-1
Event 926: eposID=231, pt=0.800072, y=-0.149937, ist=7, ity=31 ior=158, jor=-1
Event 926: eposID=231, pt=1.68798, y=-0.116131, ist=3, ity=31 ior=275, jor=-1
Event 926: eposID=231, pt=1.68798, y=-0.114227, ist=6, ity=31 ior=284, jor=-1
Event 927: eposID=231, pt=0.41149, y=0.336004, ist=7, ity=31 ior=201, jor=-1
Event 927: eposID=231, pt=0.554555, y=-0.29564, ist=3, ity=31 ior=201, jor=-1
Event 927: eposID=231, pt=0.554555, y=-0.240294, ist=6, ity=31 ior=210, jor=-1
Event 928: eposID=231, pt=2.2244, y=0.0238467, ist=3, ity=60 ior=-1, jor=-1
Event 928: eposID=231, pt=2.2244, y=0.0238467, ist=6, ity=60 ior=321, jor=-1
Event 940: eposID=231, pt=0.724839, y=0.0348968, ist=7, ity=31 ior=82, jor=-1
Event 940: eposID=231, pt=0.841266, y=-0.17343, ist=3, ity=60 ior=-1, jor=-1
Event 940: eposID=231, pt=0.841266, y=-0.17343, ist=6, ity=60 ior=320, jor=-1
Event 942: eposID=231, pt=0.380824, y=0.335815, ist=7, ity=30 ior=142, jor=-1
Event 943: eposID=231, pt=1.3256, y=0.258474, ist=6, ity=60 ior=1074, jor=-1
Event 944: eposID=231, pt=0.765419, y=-0.0499851, ist=3, ity=31 ior=82, jor=-1
Event 944: eposID=231, pt=0.765419, y=-0.0551067, ist=6, ity=31 ior=87, jor=-1
Event 946: eposID=231, pt=0.206558, y=-0.484916, ist=7, ity=31 ior=44, jor=-1
Event 955: eposID=231, pt=0.479443, y=-0.0912049, ist=7, ity=31 ior=128, jor=-1
Event 957: eposID=231, pt=0.472633, y=-0.42709, ist=7, ity=31 ior=153, jor=-1
Event 959: eposID=231, pt=2.84366, y=0.472862, ist=3, ity=60 ior=-1, jor=-1
Event 959: eposID=231, pt=2.84366, y=0.472862, ist=6, ity=60 ior=250, jor=-1
Event 960: eposID=231, pt=0.359798, y=-0.132398, ist=3, ity=31 ior=111, jor=-1
Event 960: eposID=231, pt=0.755094, y=0.451414, ist=3, ity=60 ior=-1, jor=-1
Event 960: eposID=231, pt=0.359798, y=-0.115246, ist=6, ity=31 ior=112, jor=-1
Event 960: eposID=231, pt=0.755094, y=0.451414, ist=6, ity=60 ior=324, jor=-1
Event 961: eposID=231, pt=2.14261, y=-0.356218, ist=3, ity=60 ior=-1, jor=-1
Event 961: eposID=231, pt=2.14261, y=-0.356218, ist=6, ity=60 ior=305, jor=-1
Event 963: eposID=231, pt=1.0776, y=0.166615, ist=3, ity=60 ior=-1, jor=-1
Event 963: eposID=231, pt=1.0776, y=0.166615, ist=6, ity=60 ior=312, jor=-1
Event 964: eposID=231, pt=0.494537, y=0.474532, ist=3, ity=60 ior=-1, jor=-1
Event 964: eposID=231, pt=0.494537, y=0.468722, ist=6, ity=60 ior=301, jor=-1
Event 975: eposID=231, pt=0.82707, y=-0.421017, ist=7, ity=30 ior=321, jor=-1
Event 975: eposID=231, pt=1.78634, y=0.318546, ist=6, ity=60 ior=1789, jor=-1
Event 976: eposID=231, pt=0.641005, y=0.314956, ist=7, ity=31 ior=330, jor=-1
Event 976: eposID=231, pt=0.397217, y=-0.100257, ist=7, ity=30 ior=403, jor=-1
Event 976: eposID=231, pt=0.584652, y=0.363046, ist=7, ity=31 ior=828, jor=-1
Event 977: eposID=231, pt=0.469299, y=0.277444, ist=7, ity=30 ior=341, jor=-1
Event 977: eposID=231, pt=0.321031, y=-0.00232036, ist=7, ity=31 ior=439, jor=-1
Event 978: eposID=231, pt=0.43999, y=-0.450113, ist=7, ity=31 ior=496, jor=-1
Event 978: eposID=231, pt=2.15055, y=-0.342433, ist=3, ity=31 ior=674, jor=-1
Event 978: eposID=231, pt=2.15055, y=-0.357592, ist=6, ity=31 ior=675, jor=-1
Event 979: eposID=231, pt=0.281251, y=-0.409874, ist=7, ity=31 ior=479, jor=-1
Event 979: eposID=231, pt=1.00444, y=-0.219944, ist=7, ity=30 ior=716, jor=-1
Event 979: eposID=231, pt=0.409911, y=0.46038, ist=7, ity=31 ior=798, jor=-1
Event 981: eposID=231, pt=0.822358, y=-0.0852031, ist=7, ity=30 ior=231, jor=-1
Event 981: eposID=231, pt=0.246795, y=0.239434, ist=7, ity=31 ior=243, jor=-1
Event 982: eposID=231, pt=0.608069, y=0.442724, ist=7, ity=31 ior=248, jor=-1
Event 982: eposID=231, pt=0.150381, y=-0.0822921, ist=7, ity=31 ior=303, jor=-1
Event 984: eposID=231, pt=0.0916412, y=0.17284, ist=7, ity=31 ior=371, jor=-1
Event 985: eposID=231, pt=0.220742, y=-0.0936333, ist=7, ity=31 ior=278, jor=-1
Event 987: eposID=231, pt=1.57258, y=0.218534, ist=3, ity=60 ior=-1, jor=-1
Event 987: eposID=231, pt=1.57258, y=0.217687, ist=6, ity=60 ior=412, jor=-1
Event 988: eposID=231, pt=0.489671, y=0.272109, ist=3, ity=60 ior=-1, jor=-1
Event 988: eposID=231, pt=0.489671, y=0.272109, ist=6, ity=60 ior=422, jor=-1
Event 992: eposID=231, pt=0.00270037, y=-0.437615, ist=3, ity=31 ior=29, jor=-1
Event 992: eposID=231, pt=0.00270037, y=-0.437615, ist=6, ity=31 ior=35, jor=-1
Event 994: eposID=231, pt=0.0734659, y=0.241079, ist=3, ity=31 ior=67, jor=-1
Event 994: eposID=231, pt=0.0734659, y=0.241079, ist=6, ity=31 ior=73, jor=-1
Event 999: eposID=231, pt=0.195246, y=-0.290303, ist=7, ity=30 ior=125, jor=-1

Saved EPOS_finalQA_ptCut.root.
